E:\record\richEditor\server\node_modules\_babel-core@6.26.3@babel-core\lib\transformation\file\index.js:558
      throw err;
      ^

SyntaxError: E:/record/richEditor/server/data/newList.js: Unexpected token (8:4)
   6 |     subject: '秦文琛访谈录',
   7 |     address: '江苏省南京市北京西路20号江苏省人民政府二楼会议室',
>  8 |     ,
     |     ^
   9 |     audio:
  10 |       'http://192.168.100.81:3000/media/?id=%E6%88%91%E5%92%8C%E6%88%91%E8%BF%BD%E9%80%90%E7%9A%84%E6%A2%A6.mp3',
  11 |     info: [
    at Parser.pp$5.raise (E:\record\richEditor\server\node_modules\_babylon@6.18.0@babylon\lib\index.js:4454:13)
    at Parser.pp.unexpected (E:\record\richEditor\server\node_modules\_babylon@6.18.0@babylon\lib\index.js:1761:8)
    at Parser.pp$3.parseIdentifier (E:\record\richEditor\server\node_modules\_babylon@6.18.0@babylon\lib\index.js:4332:10)
    at Parser.pp$3.parsePropertyName (E:\record\richEditor\server\node_modules\_babylon@6.18.0@babylon\lib\index.js:4156:96)
    at Parser.pp$3.parseObj (E:\record\richEditor\server\node_modules\_babylon@6.18.0@babylon\lib\index.js:4045:12)
    at Parser.pp$3.parseExprAtom (E:\record\richEditor\server\node_modules\_babylon@6.18.0@babylon\lib\index.js:3719:19)
    at Parser.pp$3.parseExprSubscripts (E:\record\richEditor\server\node_modules\_babylon@6.18.0@babylon\lib\index.js:3494:19)
    at Parser.pp$3.parseMaybeUnary (E:\record\richEditor\server\node_modules\_babylon@6.18.0@babylon\lib\index.js:3474:19)
    at Parser.pp$3.parseExprOps (E:\record\richEditor\server\node_modules\_babylon@6.18.0@babylon\lib\index.js:3404:19)
    at Parser.pp$3.parseMaybeConditional (E:\record\richEditor\server\node_modules\_babylon@6.18.0@babylon\lib\index.js:3381:19)
TypeError: invalid media type
    at Object.parse (E:\record\richEditor\server\node_modules\_content-type@1.0.4@content-type\index.js:126:11)
    at setCharset (E:\record\richEditor\server\node_modules\_express@4.16.4@express\lib\utils.js:256:28)
    at ServerResponse.send (E:\record\richEditor\server\node_modules\_express@4.16.4@express\lib\response.js:170:32)
    at done (E:\record\richEditor\server\node_modules\_express@4.16.4@express\lib\response.js:1004:10)
    at Object.exports.renderFile (E:\record\richEditor\server\node_modules\_jade@1.11.0@jade\lib\index.js:374:12)
    at View.exports.__express [as engine] (E:\record\richEditor\server\node_modules\_jade@1.11.0@jade\lib\index.js:417:11)
    at View.render (E:\record\richEditor\server\node_modules\_express@4.16.4@express\lib\view.js:135:8)
    at tryRender (E:\record\richEditor\server\node_modules\_express@4.16.4@express\lib\application.js:640:10)
    at Function.render (E:\record\richEditor\server\node_modules\_express@4.16.4@express\lib\application.js:592:3)
    at ServerResponse.render (E:\record\richEditor\server\node_modules\_express@4.16.4@express\lib\response.js:1008:7)
TypeError: invalid media type
    at Object.parse (E:\record\richEditor\server\node_modules\_content-type@1.0.4@content-type\index.js:126:11)
    at setCharset (E:\record\richEditor\server\node_modules\_express@4.16.4@express\lib\utils.js:256:28)
    at ServerResponse.send (E:\record\richEditor\server\node_modules\_express@4.16.4@express\lib\response.js:170:32)
    at done (E:\record\richEditor\server\node_modules\_express@4.16.4@express\lib\response.js:1004:10)
    at Object.exports.renderFile (E:\record\richEditor\server\node_modules\_jade@1.11.0@jade\lib\index.js:374:12)
    at View.exports.__express [as engine] (E:\record\richEditor\server\node_modules\_jade@1.11.0@jade\lib\index.js:417:11)
    at View.render (E:\record\richEditor\server\node_modules\_express@4.16.4@express\lib\view.js:135:8)
    at tryRender (E:\record\richEditor\server\node_modules\_express@4.16.4@express\lib\application.js:640:10)
    at Function.render (E:\record\richEditor\server\node_modules\_express@4.16.4@express\lib\application.js:592:3)
    at ServerResponse.render (E:\record\richEditor\server\node_modules\_express@4.16.4@express\lib\response.js:1008:7)
TypeError: invalid media type
    at Object.parse (E:\record\richEditor\server\node_modules\_content-type@1.0.4@content-type\index.js:126:11)
    at setCharset (E:\record\richEditor\server\node_modules\_express@4.16.4@express\lib\utils.js:256:28)
    at ServerResponse.send (E:\record\richEditor\server\node_modules\_express@4.16.4@express\lib\response.js:170:32)
    at done (E:\record\richEditor\server\node_modules\_express@4.16.4@express\lib\response.js:1004:10)
    at Object.exports.renderFile (E:\record\richEditor\server\node_modules\_jade@1.11.0@jade\lib\index.js:374:12)
    at View.exports.__express [as engine] (E:\record\richEditor\server\node_modules\_jade@1.11.0@jade\lib\index.js:417:11)
    at View.render (E:\record\richEditor\server\node_modules\_express@4.16.4@express\lib\view.js:135:8)
    at tryRender (E:\record\richEditor\server\node_modules\_express@4.16.4@express\lib\application.js:640:10)
    at Function.render (E:\record\richEditor\server\node_modules\_express@4.16.4@express\lib\application.js:592:3)
    at ServerResponse.render (E:\record\richEditor\server\node_modules\_express@4.16.4@express\lib\response.js:1008:7)
TypeError: invalid media type
    at Object.parse (E:\record\richEditor\server\node_modules\_content-type@1.0.4@content-type\index.js:126:11)
    at setCharset (E:\record\richEditor\server\node_modules\_express@4.16.4@express\lib\utils.js:256:28)
    at ServerResponse.send (E:\record\richEditor\server\node_modules\_express@4.16.4@express\lib\response.js:170:32)
    at done (E:\record\richEditor\server\node_modules\_express@4.16.4@express\lib\response.js:1004:10)
    at Object.exports.renderFile (E:\record\richEditor\server\node_modules\_jade@1.11.0@jade\lib\index.js:374:12)
    at View.exports.__express [as engine] (E:\record\richEditor\server\node_modules\_jade@1.11.0@jade\lib\index.js:417:11)
    at View.render (E:\record\richEditor\server\node_modules\_express@4.16.4@express\lib\view.js:135:8)
    at tryRender (E:\record\richEditor\server\node_modules\_express@4.16.4@express\lib\application.js:640:10)
    at Function.render (E:\record\richEditor\server\node_modules\_express@4.16.4@express\lib\application.js:592:3)
    at ServerResponse.render (E:\record\richEditor\server\node_modules\_express@4.16.4@express\lib\response.js:1008:7)
TypeError: invalid media type
    at Object.parse (E:\record\richEditor\server\node_modules\_content-type@1.0.4@content-type\index.js:126:11)
    at setCharset (E:\record\richEditor\server\node_modules\_express@4.16.4@express\lib\utils.js:256:28)
    at ServerResponse.send (E:\record\richEditor\server\node_modules\_express@4.16.4@express\lib\response.js:170:32)
    at done (E:\record\richEditor\server\node_modules\_express@4.16.4@express\lib\response.js:1004:10)
    at Object.exports.renderFile (E:\record\richEditor\server\node_modules\_jade@1.11.0@jade\lib\index.js:374:12)
    at View.exports.__express [as engine] (E:\record\richEditor\server\node_modules\_jade@1.11.0@jade\lib\index.js:417:11)
    at View.render (E:\record\richEditor\server\node_modules\_express@4.16.4@express\lib\view.js:135:8)
    at tryRender (E:\record\richEditor\server\node_modules\_express@4.16.4@express\lib\application.js:640:10)
    at Function.render (E:\record\richEditor\server\node_modules\_express@4.16.4@express\lib\application.js:592:3)
    at ServerResponse.render (E:\record\richEditor\server\node_modules\_express@4.16.4@express\lib\response.js:1008:7)
TypeError: invalid media type
    at Object.parse (E:\record\richEditor\server\node_modules\_content-type@1.0.4@content-type\index.js:126:11)
    at setCharset (E:\record\richEditor\server\node_modules\_express@4.16.4@express\lib\utils.js:256:28)
    at ServerResponse.send (E:\record\richEditor\server\node_modules\_express@4.16.4@express\lib\response.js:170:32)
    at done (E:\record\richEditor\server\node_modules\_express@4.16.4@express\lib\response.js:1004:10)
    at Object.exports.renderFile (E:\record\richEditor\server\node_modules\_jade@1.11.0@jade\lib\index.js:374:12)
    at View.exports.__express [as engine] (E:\record\richEditor\server\node_modules\_jade@1.11.0@jade\lib\index.js:417:11)
    at View.render (E:\record\richEditor\server\node_modules\_express@4.16.4@express\lib\view.js:135:8)
    at tryRender (E:\record\richEditor\server\node_modules\_express@4.16.4@express\lib\application.js:640:10)
    at Function.render (E:\record\richEditor\server\node_modules\_express@4.16.4@express\lib\application.js:592:3)
    at ServerResponse.render (E:\record\richEditor\server\node_modules\_express@4.16.4@express\lib\response.js:1008:7)
TypeError: invalid media type
    at Object.parse (E:\record\richEditor\server\node_modules\_content-type@1.0.4@content-type\index.js:126:11)
    at setCharset (E:\record\richEditor\server\node_modules\_express@4.16.4@express\lib\utils.js:256:28)
    at ServerResponse.send (E:\record\richEditor\server\node_modules\_express@4.16.4@express\lib\response.js:170:32)
    at done (E:\record\richEditor\server\node_modules\_express@4.16.4@express\lib\response.js:1004:10)
    at Object.exports.renderFile (E:\record\richEditor\server\node_modules\_jade@1.11.0@jade\lib\index.js:374:12)
    at View.exports.__express [as engine] (E:\record\richEditor\server\node_modules\_jade@1.11.0@jade\lib\index.js:417:11)
    at View.render (E:\record\richEditor\server\node_modules\_express@4.16.4@express\lib\view.js:135:8)
    at tryRender (E:\record\richEditor\server\node_modules\_express@4.16.4@express\lib\application.js:640:10)
    at Function.render (E:\record\richEditor\server\node_modules\_express@4.16.4@express\lib\application.js:592:3)
    at ServerResponse.render (E:\record\richEditor\server\node_modules\_express@4.16.4@express\lib\response.js:1008:7)
TypeError: invalid media type
    at Object.parse (E:\record\richEditor\server\node_modules\_content-type@1.0.4@content-type\index.js:126:11)
    at setCharset (E:\record\richEditor\server\node_modules\_express@4.16.4@express\lib\utils.js:256:28)
    at ServerResponse.send (E:\record\richEditor\server\node_modules\_express@4.16.4@express\lib\response.js:170:32)
    at done (E:\record\richEditor\server\node_modules\_express@4.16.4@express\lib\response.js:1004:10)
    at Object.exports.renderFile (E:\record\richEditor\server\node_modules\_jade@1.11.0@jade\lib\index.js:374:12)
    at View.exports.__express [as engine] (E:\record\richEditor\server\node_modules\_jade@1.11.0@jade\lib\index.js:417:11)
    at View.render (E:\record\richEditor\server\node_modules\_express@4.16.4@express\lib\view.js:135:8)
    at tryRender (E:\record\richEditor\server\node_modules\_express@4.16.4@express\lib\application.js:640:10)
    at Function.render (E:\record\richEditor\server\node_modules\_express@4.16.4@express\lib\application.js:592:3)
    at ServerResponse.render (E:\record\richEditor\server\node_modules\_express@4.16.4@express\lib\response.js:1008:7)
TypeError: invalid media type
    at Object.parse (E:\record\richEditor\server\node_modules\_content-type@1.0.4@content-type\index.js:126:11)
    at setCharset (E:\record\richEditor\server\node_modules\_express@4.16.4@express\lib\utils.js:256:28)
    at ServerResponse.send (E:\record\richEditor\server\node_modules\_express@4.16.4@express\lib\response.js:170:32)
    at done (E:\record\richEditor\server\node_modules\_express@4.16.4@express\lib\response.js:1004:10)
    at Object.exports.renderFile (E:\record\richEditor\server\node_modules\_jade@1.11.0@jade\lib\index.js:374:12)
    at View.exports.__express [as engine] (E:\record\richEditor\server\node_modules\_jade@1.11.0@jade\lib\index.js:417:11)
    at View.render (E:\record\richEditor\server\node_modules\_express@4.16.4@express\lib\view.js:135:8)
    at tryRender (E:\record\richEditor\server\node_modules\_express@4.16.4@express\lib\application.js:640:10)
    at Function.render (E:\record\richEditor\server\node_modules\_express@4.16.4@express\lib\application.js:592:3)
    at ServerResponse.render (E:\record\richEditor\server\node_modules\_express@4.16.4@express\lib\response.js:1008:7)
TypeError: invalid media type
    at Object.parse (E:\record\richEditor\server\node_modules\_content-type@1.0.4@content-type\index.js:126:11)
    at setCharset (E:\record\richEditor\server\node_modules\_express@4.16.4@express\lib\utils.js:256:28)
    at ServerResponse.send (E:\record\richEditor\server\node_modules\_express@4.16.4@express\lib\response.js:170:32)
    at done (E:\record\richEditor\server\node_modules\_express@4.16.4@express\lib\response.js:1004:10)
    at Object.exports.renderFile (E:\record\richEditor\server\node_modules\_jade@1.11.0@jade\lib\index.js:374:12)
    at View.exports.__express [as engine] (E:\record\richEditor\server\node_modules\_jade@1.11.0@jade\lib\index.js:417:11)
    at View.render (E:\record\richEditor\server\node_modules\_express@4.16.4@express\lib\view.js:135:8)
    at tryRender (E:\record\richEditor\server\node_modules\_express@4.16.4@express\lib\application.js:640:10)
    at Function.render (E:\record\richEditor\server\node_modules\_express@4.16.4@express\lib\application.js:592:3)
    at ServerResponse.render (E:\record\richEditor\server\node_modules\_express@4.16.4@express\lib\response.js:1008:7)
TypeError: invalid media type
    at Object.parse (E:\record\richEditor\server\node_modules\_content-type@1.0.4@content-type\index.js:126:11)
    at setCharset (E:\record\richEditor\server\node_modules\_express@4.16.4@express\lib\utils.js:256:28)
    at ServerResponse.send (E:\record\richEditor\server\node_modules\_express@4.16.4@express\lib\response.js:170:32)
    at done (E:\record\richEditor\server\node_modules\_express@4.16.4@express\lib\response.js:1004:10)
    at Object.exports.renderFile (E:\record\richEditor\server\node_modules\_jade@1.11.0@jade\lib\index.js:374:12)
    at View.exports.__express [as engine] (E:\record\richEditor\server\node_modules\_jade@1.11.0@jade\lib\index.js:417:11)
    at View.render (E:\record\richEditor\server\node_modules\_express@4.16.4@express\lib\view.js:135:8)
    at tryRender (E:\record\richEditor\server\node_modules\_express@4.16.4@express\lib\application.js:640:10)
    at Function.render (E:\record\richEditor\server\node_modules\_express@4.16.4@express\lib\application.js:592:3)
    at ServerResponse.render (E:\record\richEditor\server\node_modules\_express@4.16.4@express\lib\response.js:1008:7)
TypeError: invalid media type
    at Object.parse (E:\record\richEditor\server\node_modules\_content-type@1.0.4@content-type\index.js:126:11)
    at setCharset (E:\record\richEditor\server\node_modules\_express@4.16.4@express\lib\utils.js:256:28)
    at ServerResponse.send (E:\record\richEditor\server\node_modules\_express@4.16.4@express\lib\response.js:170:32)
    at done (E:\record\richEditor\server\node_modules\_express@4.16.4@express\lib\response.js:1004:10)
    at Object.exports.renderFile (E:\record\richEditor\server\node_modules\_jade@1.11.0@jade\lib\index.js:374:12)
    at View.exports.__express [as engine] (E:\record\richEditor\server\node_modules\_jade@1.11.0@jade\lib\index.js:417:11)
    at View.render (E:\record\richEditor\server\node_modules\_express@4.16.4@express\lib\view.js:135:8)
    at tryRender (E:\record\richEditor\server\node_modules\_express@4.16.4@express\lib\application.js:640:10)
    at Function.render (E:\record\richEditor\server\node_modules\_express@4.16.4@express\lib\application.js:592:3)
    at ServerResponse.render (E:\record\richEditor\server\node_modules\_express@4.16.4@express\lib\response.js:1008:7)
TypeError: invalid media type
    at Object.parse (E:\record\richEditor\server\node_modules\_content-type@1.0.4@content-type\index.js:126:11)
    at setCharset (E:\record\richEditor\server\node_modules\_express@4.16.4@express\lib\utils.js:256:28)
    at ServerResponse.send (E:\record\richEditor\server\node_modules\_express@4.16.4@express\lib\response.js:170:32)
    at done (E:\record\richEditor\server\node_modules\_express@4.16.4@express\lib\response.js:1004:10)
    at Object.exports.renderFile (E:\record\richEditor\server\node_modules\_jade@1.11.0@jade\lib\index.js:374:12)
    at View.exports.__express [as engine] (E:\record\richEditor\server\node_modules\_jade@1.11.0@jade\lib\index.js:417:11)
    at View.render (E:\record\richEditor\server\node_modules\_express@4.16.4@express\lib\view.js:135:8)
    at tryRender (E:\record\richEditor\server\node_modules\_express@4.16.4@express\lib\application.js:640:10)
    at Function.render (E:\record\richEditor\server\node_modules\_express@4.16.4@express\lib\application.js:592:3)
    at ServerResponse.render (E:\record\richEditor\server\node_modules\_express@4.16.4@express\lib\response.js:1008:7)
TypeError: invalid media type
    at Object.parse (E:\record\richEditor\server\node_modules\_content-type@1.0.4@content-type\index.js:126:11)
    at setCharset (E:\record\richEditor\server\node_modules\_express@4.16.4@express\lib\utils.js:256:28)
    at ServerResponse.send (E:\record\richEditor\server\node_modules\_express@4.16.4@express\lib\response.js:170:32)
    at done (E:\record\richEditor\server\node_modules\_express@4.16.4@express\lib\response.js:1004:10)
    at Object.exports.renderFile (E:\record\richEditor\server\node_modules\_jade@1.11.0@jade\lib\index.js:374:12)
    at View.exports.__express [as engine] (E:\record\richEditor\server\node_modules\_jade@1.11.0@jade\lib\index.js:417:11)
    at View.render (E:\record\richEditor\server\node_modules\_express@4.16.4@express\lib\view.js:135:8)
    at tryRender (E:\record\richEditor\server\node_modules\_express@4.16.4@express\lib\application.js:640:10)
    at Function.render (E:\record\richEditor\server\node_modules\_express@4.16.4@express\lib\application.js:592:3)
    at ServerResponse.render (E:\record\richEditor\server\node_modules\_express@4.16.4@express\lib\response.js:1008:7)
TypeError: invalid media type
    at Object.parse (E:\record\richEditor\server\node_modules\_content-type@1.0.4@content-type\index.js:126:11)
    at setCharset (E:\record\richEditor\server\node_modules\_express@4.16.4@express\lib\utils.js:256:28)
    at ServerResponse.send (E:\record\richEditor\server\node_modules\_express@4.16.4@express\lib\response.js:170:32)
    at done (E:\record\richEditor\server\node_modules\_express@4.16.4@express\lib\response.js:1004:10)
    at Object.exports.renderFile (E:\record\richEditor\server\node_modules\_jade@1.11.0@jade\lib\index.js:374:12)
    at View.exports.__express [as engine] (E:\record\richEditor\server\node_modules\_jade@1.11.0@jade\lib\index.js:417:11)
    at View.render (E:\record\richEditor\server\node_modules\_express@4.16.4@express\lib\view.js:135:8)
    at tryRender (E:\record\richEditor\server\node_modules\_express@4.16.4@express\lib\application.js:640:10)
    at Function.render (E:\record\richEditor\server\node_modules\_express@4.16.4@express\lib\application.js:592:3)
    at ServerResponse.render (E:\record\richEditor\server\node_modules\_express@4.16.4@express\lib\response.js:1008:7)
TypeError: invalid media type
    at Object.parse (E:\record\richEditor\server\node_modules\_content-type@1.0.4@content-type\index.js:126:11)
    at setCharset (E:\record\richEditor\server\node_modules\_express@4.16.4@express\lib\utils.js:256:28)
    at ServerResponse.send (E:\record\richEditor\server\node_modules\_express@4.16.4@express\lib\response.js:170:32)
    at done (E:\record\richEditor\server\node_modules\_express@4.16.4@express\lib\response.js:1004:10)
    at Object.exports.renderFile (E:\record\richEditor\server\node_modules\_jade@1.11.0@jade\lib\index.js:374:12)
    at View.exports.__express [as engine] (E:\record\richEditor\server\node_modules\_jade@1.11.0@jade\lib\index.js:417:11)
    at View.render (E:\record\richEditor\server\node_modules\_express@4.16.4@express\lib\view.js:135:8)
    at tryRender (E:\record\richEditor\server\node_modules\_express@4.16.4@express\lib\application.js:640:10)
    at Function.render (E:\record\richEditor\server\node_modules\_express@4.16.4@express\lib\application.js:592:3)
    at ServerResponse.render (E:\record\richEditor\server\node_modules\_express@4.16.4@express\lib\response.js:1008:7)
TypeError: invalid media type
    at Object.parse (E:\record\richEditor\server\node_modules\_content-type@1.0.4@content-type\index.js:126:11)
    at setCharset (E:\record\richEditor\server\node_modules\_express@4.16.4@express\lib\utils.js:256:28)
    at ServerResponse.send (E:\record\richEditor\server\node_modules\_express@4.16.4@express\lib\response.js:170:32)
    at done (E:\record\richEditor\server\node_modules\_express@4.16.4@express\lib\response.js:1004:10)
    at Object.exports.renderFile (E:\record\richEditor\server\node_modules\_jade@1.11.0@jade\lib\index.js:374:12)
    at View.exports.__express [as engine] (E:\record\richEditor\server\node_modules\_jade@1.11.0@jade\lib\index.js:417:11)
    at View.render (E:\record\richEditor\server\node_modules\_express@4.16.4@express\lib\view.js:135:8)
    at tryRender (E:\record\richEditor\server\node_modules\_express@4.16.4@express\lib\application.js:640:10)
    at Function.render (E:\record\richEditor\server\node_modules\_express@4.16.4@express\lib\application.js:592:3)
    at ServerResponse.render (E:\record\richEditor\server\node_modules\_express@4.16.4@express\lib\response.js:1008:7)
TypeError: invalid media type
    at Object.parse (E:\record\richEditor\server\node_modules\_content-type@1.0.4@content-type\index.js:126:11)
    at setCharset (E:\record\richEditor\server\node_modules\_express@4.16.4@express\lib\utils.js:256:28)
    at ServerResponse.send (E:\record\richEditor\server\node_modules\_express@4.16.4@express\lib\response.js:170:32)
    at done (E:\record\richEditor\server\node_modules\_express@4.16.4@express\lib\response.js:1004:10)
    at Object.exports.renderFile (E:\record\richEditor\server\node_modules\_jade@1.11.0@jade\lib\index.js:374:12)
    at View.exports.__express [as engine] (E:\record\richEditor\server\node_modules\_jade@1.11.0@jade\lib\index.js:417:11)
    at View.render (E:\record\richEditor\server\node_modules\_express@4.16.4@express\lib\view.js:135:8)
    at tryRender (E:\record\richEditor\server\node_modules\_express@4.16.4@express\lib\application.js:640:10)
    at Function.render (E:\record\richEditor\server\node_modules\_express@4.16.4@express\lib\application.js:592:3)
    at ServerResponse.render (E:\record\richEditor\server\node_modules\_express@4.16.4@express\lib\response.js:1008:7)
TypeError: invalid media type
    at Object.parse (E:\record\richEditor\server\node_modules\_content-type@1.0.4@content-type\index.js:126:11)
    at setCharset (E:\record\richEditor\server\node_modules\_express@4.16.4@express\lib\utils.js:256:28)
    at ServerResponse.send (E:\record\richEditor\server\node_modules\_express@4.16.4@express\lib\response.js:170:32)
    at done (E:\record\richEditor\server\node_modules\_express@4.16.4@express\lib\response.js:1004:10)
    at Object.exports.renderFile (E:\record\richEditor\server\node_modules\_jade@1.11.0@jade\lib\index.js:374:12)
    at View.exports.__express [as engine] (E:\record\richEditor\server\node_modules\_jade@1.11.0@jade\lib\index.js:417:11)
    at View.render (E:\record\richEditor\server\node_modules\_express@4.16.4@express\lib\view.js:135:8)
    at tryRender (E:\record\richEditor\server\node_modules\_express@4.16.4@express\lib\application.js:640:10)
    at Function.render (E:\record\richEditor\server\node_modules\_express@4.16.4@express\lib\application.js:592:3)
    at ServerResponse.render (E:\record\richEditor\server\node_modules\_express@4.16.4@express\lib\response.js:1008:7)
TypeError: invalid media type
    at Object.parse (E:\record\richEditor\server\node_modules\_content-type@1.0.4@content-type\index.js:126:11)
    at setCharset (E:\record\richEditor\server\node_modules\_express@4.16.4@express\lib\utils.js:256:28)
    at ServerResponse.send (E:\record\richEditor\server\node_modules\_express@4.16.4@express\lib\response.js:170:32)
    at done (E:\record\richEditor\server\node_modules\_express@4.16.4@express\lib\response.js:1004:10)
    at Object.exports.renderFile (E:\record\richEditor\server\node_modules\_jade@1.11.0@jade\lib\index.js:374:12)
    at View.exports.__express [as engine] (E:\record\richEditor\server\node_modules\_jade@1.11.0@jade\lib\index.js:417:11)
    at View.render (E:\record\richEditor\server\node_modules\_express@4.16.4@express\lib\view.js:135:8)
    at tryRender (E:\record\richEditor\server\node_modules\_express@4.16.4@express\lib\application.js:640:10)
    at Function.render (E:\record\richEditor\server\node_modules\_express@4.16.4@express\lib\application.js:592:3)
    at ServerResponse.render (E:\record\richEditor\server\node_modules\_express@4.16.4@express\lib\response.js:1008:7)
TypeError: invalid media type
    at Object.parse (E:\record\richEditor\server\node_modules\_content-type@1.0.4@content-type\index.js:126:11)
    at setCharset (E:\record\richEditor\server\node_modules\_express@4.16.4@express\lib\utils.js:256:28)
    at ServerResponse.send (E:\record\richEditor\server\node_modules\_express@4.16.4@express\lib\response.js:170:32)
    at done (E:\record\richEditor\server\node_modules\_express@4.16.4@express\lib\response.js:1004:10)
    at Object.exports.renderFile (E:\record\richEditor\server\node_modules\_jade@1.11.0@jade\lib\index.js:374:12)
    at View.exports.__express [as engine] (E:\record\richEditor\server\node_modules\_jade@1.11.0@jade\lib\index.js:417:11)
    at View.render (E:\record\richEditor\server\node_modules\_express@4.16.4@express\lib\view.js:135:8)
    at tryRender (E:\record\richEditor\server\node_modules\_express@4.16.4@express\lib\application.js:640:10)
    at Function.render (E:\record\richEditor\server\node_modules\_express@4.16.4@express\lib\application.js:592:3)
    at ServerResponse.render (E:\record\richEditor\server\node_modules\_express@4.16.4@express\lib\response.js:1008:7)
TypeError: invalid media type
    at Object.parse (E:\record\richEditor\server\node_modules\_content-type@1.0.4@content-type\index.js:126:11)
    at setCharset (E:\record\richEditor\server\node_modules\_express@4.16.4@express\lib\utils.js:256:28)
    at ServerResponse.send (E:\record\richEditor\server\node_modules\_express@4.16.4@express\lib\response.js:170:32)
    at done (E:\record\richEditor\server\node_modules\_express@4.16.4@express\lib\response.js:1004:10)
    at Object.exports.renderFile (E:\record\richEditor\server\node_modules\_jade@1.11.0@jade\lib\index.js:374:12)
    at View.exports.__express [as engine] (E:\record\richEditor\server\node_modules\_jade@1.11.0@jade\lib\index.js:417:11)
    at View.render (E:\record\richEditor\server\node_modules\_express@4.16.4@express\lib\view.js:135:8)
    at tryRender (E:\record\richEditor\server\node_modules\_express@4.16.4@express\lib\application.js:640:10)
    at Function.render (E:\record\richEditor\server\node_modules\_express@4.16.4@express\lib\application.js:592:3)
    at ServerResponse.render (E:\record\richEditor\server\node_modules\_express@4.16.4@express\lib\response.js:1008:7)
TypeError: invalid media type
    at Object.parse (E:\record\richEditor\server\node_modules\_content-type@1.0.4@content-type\index.js:126:11)
    at setCharset (E:\record\richEditor\server\node_modules\_express@4.16.4@express\lib\utils.js:256:28)
    at ServerResponse.send (E:\record\richEditor\server\node_modules\_express@4.16.4@express\lib\response.js:170:32)
    at done (E:\record\richEditor\server\node_modules\_express@4.16.4@express\lib\response.js:1004:10)
    at Object.exports.renderFile (E:\record\richEditor\server\node_modules\_jade@1.11.0@jade\lib\index.js:374:12)
    at View.exports.__express [as engine] (E:\record\richEditor\server\node_modules\_jade@1.11.0@jade\lib\index.js:417:11)
    at View.render (E:\record\richEditor\server\node_modules\_express@4.16.4@express\lib\view.js:135:8)
    at tryRender (E:\record\richEditor\server\node_modules\_express@4.16.4@express\lib\application.js:640:10)
    at Function.render (E:\record\richEditor\server\node_modules\_express@4.16.4@express\lib\application.js:592:3)
    at ServerResponse.render (E:\record\richEditor\server\node_modules\_express@4.16.4@express\lib\response.js:1008:7)
TypeError: invalid media type
    at Object.parse (E:\record\richEditor\server\node_modules\_content-type@1.0.4@content-type\index.js:126:11)
    at setCharset (E:\record\richEditor\server\node_modules\_express@4.16.4@express\lib\utils.js:256:28)
    at ServerResponse.send (E:\record\richEditor\server\node_modules\_express@4.16.4@express\lib\response.js:170:32)
    at done (E:\record\richEditor\server\node_modules\_express@4.16.4@express\lib\response.js:1004:10)
    at Object.exports.renderFile (E:\record\richEditor\server\node_modules\_jade@1.11.0@jade\lib\index.js:374:12)
    at View.exports.__express [as engine] (E:\record\richEditor\server\node_modules\_jade@1.11.0@jade\lib\index.js:417:11)
    at View.render (E:\record\richEditor\server\node_modules\_express@4.16.4@express\lib\view.js:135:8)
    at tryRender (E:\record\richEditor\server\node_modules\_express@4.16.4@express\lib\application.js:640:10)
    at Function.render (E:\record\richEditor\server\node_modules\_express@4.16.4@express\lib\application.js:592:3)
    at ServerResponse.render (E:\record\richEditor\server\node_modules\_express@4.16.4@express\lib\response.js:1008:7)
TypeError: invalid media type
    at Object.parse (E:\record\richEditor\server\node_modules\_content-type@1.0.4@content-type\index.js:126:11)
    at setCharset (E:\record\richEditor\server\node_modules\_express@4.16.4@express\lib\utils.js:256:28)
    at ServerResponse.send (E:\record\richEditor\server\node_modules\_express@4.16.4@express\lib\response.js:170:32)
    at done (E:\record\richEditor\server\node_modules\_express@4.16.4@express\lib\response.js:1004:10)
    at Object.exports.renderFile (E:\record\richEditor\server\node_modules\_jade@1.11.0@jade\lib\index.js:374:12)
    at View.exports.__express [as engine] (E:\record\richEditor\server\node_modules\_jade@1.11.0@jade\lib\index.js:417:11)
    at View.render (E:\record\richEditor\server\node_modules\_express@4.16.4@express\lib\view.js:135:8)
    at tryRender (E:\record\richEditor\server\node_modules\_express@4.16.4@express\lib\application.js:640:10)
    at Function.render (E:\record\richEditor\server\node_modules\_express@4.16.4@express\lib\application.js:592:3)
    at ServerResponse.render (E:\record\richEditor\server\node_modules\_express@4.16.4@express\lib\response.js:1008:7)
TypeError: invalid media type
    at Object.parse (E:\record\richEditor\server\node_modules\_content-type@1.0.4@content-type\index.js:126:11)
    at setCharset (E:\record\richEditor\server\node_modules\_express@4.16.4@express\lib\utils.js:256:28)
    at ServerResponse.send (E:\record\richEditor\server\node_modules\_express@4.16.4@express\lib\response.js:170:32)
    at done (E:\record\richEditor\server\node_modules\_express@4.16.4@express\lib\response.js:1004:10)
    at Object.exports.renderFile (E:\record\richEditor\server\node_modules\_jade@1.11.0@jade\lib\index.js:374:12)
    at View.exports.__express [as engine] (E:\record\richEditor\server\node_modules\_jade@1.11.0@jade\lib\index.js:417:11)
    at View.render (E:\record\richEditor\server\node_modules\_express@4.16.4@express\lib\view.js:135:8)
    at tryRender (E:\record\richEditor\server\node_modules\_express@4.16.4@express\lib\application.js:640:10)
    at Function.render (E:\record\richEditor\server\node_modules\_express@4.16.4@express\lib\application.js:592:3)
    at ServerResponse.render (E:\record\richEditor\server\node_modules\_express@4.16.4@express\lib\response.js:1008:7)
TypeError: invalid media type
    at Object.parse (E:\record\richEditor\server\node_modules\_content-type@1.0.4@content-type\index.js:126:11)
    at setCharset (E:\record\richEditor\server\node_modules\_express@4.16.4@express\lib\utils.js:256:28)
    at ServerResponse.send (E:\record\richEditor\server\node_modules\_express@4.16.4@express\lib\response.js:170:32)
    at done (E:\record\richEditor\server\node_modules\_express@4.16.4@express\lib\response.js:1004:10)
    at Object.exports.renderFile (E:\record\richEditor\server\node_modules\_jade@1.11.0@jade\lib\index.js:374:12)
    at View.exports.__express [as engine] (E:\record\richEditor\server\node_modules\_jade@1.11.0@jade\lib\index.js:417:11)
    at View.render (E:\record\richEditor\server\node_modules\_express@4.16.4@express\lib\view.js:135:8)
    at tryRender (E:\record\richEditor\server\node_modules\_express@4.16.4@express\lib\application.js:640:10)
    at Function.render (E:\record\richEditor\server\node_modules\_express@4.16.4@express\lib\application.js:592:3)
    at ServerResponse.render (E:\record\richEditor\server\node_modules\_express@4.16.4@express\lib\response.js:1008:7)
TypeError: invalid media type
    at Object.parse (E:\record\richEditor\server\node_modules\_content-type@1.0.4@content-type\index.js:126:11)
    at setCharset (E:\record\richEditor\server\node_modules\_express@4.16.4@express\lib\utils.js:256:28)
    at ServerResponse.send (E:\record\richEditor\server\node_modules\_express@4.16.4@express\lib\response.js:170:32)
    at done (E:\record\richEditor\server\node_modules\_express@4.16.4@express\lib\response.js:1004:10)
    at Object.exports.renderFile (E:\record\richEditor\server\node_modules\_jade@1.11.0@jade\lib\index.js:374:12)
    at View.exports.__express [as engine] (E:\record\richEditor\server\node_modules\_jade@1.11.0@jade\lib\index.js:417:11)
    at View.render (E:\record\richEditor\server\node_modules\_express@4.16.4@express\lib\view.js:135:8)
    at tryRender (E:\record\richEditor\server\node_modules\_express@4.16.4@express\lib\application.js:640:10)
    at Function.render (E:\record\richEditor\server\node_modules\_express@4.16.4@express\lib\application.js:592:3)
    at ServerResponse.render (E:\record\richEditor\server\node_modules\_express@4.16.4@express\lib\response.js:1008:7)
TypeError: invalid media type
    at Object.parse (E:\record\richEditor\server\node_modules\_content-type@1.0.4@content-type\index.js:126:11)
    at setCharset (E:\record\richEditor\server\node_modules\_express@4.16.4@express\lib\utils.js:256:28)
    at ServerResponse.send (E:\record\richEditor\server\node_modules\_express@4.16.4@express\lib\response.js:170:32)
    at done (E:\record\richEditor\server\node_modules\_express@4.16.4@express\lib\response.js:1004:10)
    at Object.exports.renderFile (E:\record\richEditor\server\node_modules\_jade@1.11.0@jade\lib\index.js:374:12)
    at View.exports.__express [as engine] (E:\record\richEditor\server\node_modules\_jade@1.11.0@jade\lib\index.js:417:11)
    at View.render (E:\record\richEditor\server\node_modules\_express@4.16.4@express\lib\view.js:135:8)
    at tryRender (E:\record\richEditor\server\node_modules\_express@4.16.4@express\lib\application.js:640:10)
    at Function.render (E:\record\richEditor\server\node_modules\_express@4.16.4@express\lib\application.js:592:3)
    at ServerResponse.render (E:\record\richEditor\server\node_modules\_express@4.16.4@express\lib\response.js:1008:7)
TypeError: invalid media type
    at Object.parse (E:\record\richEditor\server\node_modules\_content-type@1.0.4@content-type\index.js:126:11)
    at setCharset (E:\record\richEditor\server\node_modules\_express@4.16.4@express\lib\utils.js:256:28)
    at ServerResponse.send (E:\record\richEditor\server\node_modules\_express@4.16.4@express\lib\response.js:170:32)
    at done (E:\record\richEditor\server\node_modules\_express@4.16.4@express\lib\response.js:1004:10)
    at Object.exports.renderFile (E:\record\richEditor\server\node_modules\_jade@1.11.0@jade\lib\index.js:374:12)
    at View.exports.__express [as engine] (E:\record\richEditor\server\node_modules\_jade@1.11.0@jade\lib\index.js:417:11)
    at View.render (E:\record\richEditor\server\node_modules\_express@4.16.4@express\lib\view.js:135:8)
    at tryRender (E:\record\richEditor\server\node_modules\_express@4.16.4@express\lib\application.js:640:10)
    at Function.render (E:\record\richEditor\server\node_modules\_express@4.16.4@express\lib\application.js:592:3)
    at ServerResponse.render (E:\record\richEditor\server\node_modules\_express@4.16.4@express\lib\response.js:1008:7)
TypeError: invalid media type
    at Object.parse (E:\record\richEditor\server\node_modules\_content-type@1.0.4@content-type\index.js:126:11)
    at setCharset (E:\record\richEditor\server\node_modules\_express@4.16.4@express\lib\utils.js:256:28)
    at ServerResponse.send (E:\record\richEditor\server\node_modules\_express@4.16.4@express\lib\response.js:170:32)
    at done (E:\record\richEditor\server\node_modules\_express@4.16.4@express\lib\response.js:1004:10)
    at Object.exports.renderFile (E:\record\richEditor\server\node_modules\_jade@1.11.0@jade\lib\index.js:374:12)
    at View.exports.__express [as engine] (E:\record\richEditor\server\node_modules\_jade@1.11.0@jade\lib\index.js:417:11)
    at View.render (E:\record\richEditor\server\node_modules\_express@4.16.4@express\lib\view.js:135:8)
    at tryRender (E:\record\richEditor\server\node_modules\_express@4.16.4@express\lib\application.js:640:10)
    at Function.render (E:\record\richEditor\server\node_modules\_express@4.16.4@express\lib\application.js:592:3)
    at ServerResponse.render (E:\record\richEditor\server\node_modules\_express@4.16.4@express\lib\response.js:1008:7)
TypeError: invalid media type
    at Object.parse (E:\record\richEditor\server\node_modules\_content-type@1.0.4@content-type\index.js:126:11)
    at setCharset (E:\record\richEditor\server\node_modules\_express@4.16.4@express\lib\utils.js:256:28)
    at ServerResponse.send (E:\record\richEditor\server\node_modules\_express@4.16.4@express\lib\response.js:170:32)
    at done (E:\record\richEditor\server\node_modules\_express@4.16.4@express\lib\response.js:1004:10)
    at Object.exports.renderFile (E:\record\richEditor\server\node_modules\_jade@1.11.0@jade\lib\index.js:374:12)
    at View.exports.__express [as engine] (E:\record\richEditor\server\node_modules\_jade@1.11.0@jade\lib\index.js:417:11)
    at View.render (E:\record\richEditor\server\node_modules\_express@4.16.4@express\lib\view.js:135:8)
    at tryRender (E:\record\richEditor\server\node_modules\_express@4.16.4@express\lib\application.js:640:10)
    at Function.render (E:\record\richEditor\server\node_modules\_express@4.16.4@express\lib\application.js:592:3)
    at ServerResponse.render (E:\record\richEditor\server\node_modules\_express@4.16.4@express\lib\response.js:1008:7)
TypeError: invalid media type
    at Object.parse (E:\record\richEditor\server\node_modules\_content-type@1.0.4@content-type\index.js:126:11)
    at setCharset (E:\record\richEditor\server\node_modules\_express@4.16.4@express\lib\utils.js:256:28)
    at ServerResponse.send (E:\record\richEditor\server\node_modules\_express@4.16.4@express\lib\response.js:170:32)
    at done (E:\record\richEditor\server\node_modules\_express@4.16.4@express\lib\response.js:1004:10)
    at Object.exports.renderFile (E:\record\richEditor\server\node_modules\_jade@1.11.0@jade\lib\index.js:374:12)
    at View.exports.__express [as engine] (E:\record\richEditor\server\node_modules\_jade@1.11.0@jade\lib\index.js:417:11)
    at View.render (E:\record\richEditor\server\node_modules\_express@4.16.4@express\lib\view.js:135:8)
    at tryRender (E:\record\richEditor\server\node_modules\_express@4.16.4@express\lib\application.js:640:10)
    at Function.render (E:\record\richEditor\server\node_modules\_express@4.16.4@express\lib\application.js:592:3)
    at ServerResponse.render (E:\record\richEditor\server\node_modules\_express@4.16.4@express\lib\response.js:1008:7)
TypeError: invalid media type
    at Object.parse (E:\record\richEditor\server\node_modules\_content-type@1.0.4@content-type\index.js:126:11)
    at setCharset (E:\record\richEditor\server\node_modules\_express@4.16.4@express\lib\utils.js:256:28)
    at ServerResponse.send (E:\record\richEditor\server\node_modules\_express@4.16.4@express\lib\response.js:170:32)
    at done (E:\record\richEditor\server\node_modules\_express@4.16.4@express\lib\response.js:1004:10)
    at Object.exports.renderFile (E:\record\richEditor\server\node_modules\_jade@1.11.0@jade\lib\index.js:374:12)
    at View.exports.__express [as engine] (E:\record\richEditor\server\node_modules\_jade@1.11.0@jade\lib\index.js:417:11)
    at View.render (E:\record\richEditor\server\node_modules\_express@4.16.4@express\lib\view.js:135:8)
    at tryRender (E:\record\richEditor\server\node_modules\_express@4.16.4@express\lib\application.js:640:10)
    at Function.render (E:\record\richEditor\server\node_modules\_express@4.16.4@express\lib\application.js:592:3)
    at ServerResponse.render (E:\record\richEditor\server\node_modules\_express@4.16.4@express\lib\response.js:1008:7)
E:\record\richEditor\server\node_modules\_babel-core@6.26.3@babel-core\lib\transformation\file\index.js:558
      throw err;
      ^

SyntaxError: E:/record/richEditor/server/routes/media.js: Expecting Unicode escape sequence \uXXXX (20:3)
  18 |   res.header('Accept-Ranges', 'bytes')
  19 |   res.header('Content-Transfer-Encoding', 'binary')
> 20 |   \res.setHeader('Content-Type', type + (charset ? '; charset=' + charset : ''))
     |    ^
  21 |  // res.setHeader('Content-Type', 'stream')
  22 |   res.sendFile(pathUrl)
  23 | })
    at Parser.pp$5.raise (E:\record\richEditor\server\node_modules\_babylon@6.18.0@babylon\lib\index.js:4454:13)
    at Parser.readWord1 (E:\record\richEditor\server\node_modules\_babylon@6.18.0@babylon\lib\index.js:1487:16)
    at Parser.readWord (E:\record\richEditor\server\node_modules\_babylon@6.18.0@babylon\lib\index.js:1510:21)
    at Parser.readToken (E:\record\richEditor\server\node_modules\_babylon@6.18.0@babylon\lib\index.js:774:21)
    at Parser.nextToken (E:\record\richEditor\server\node_modules\_babylon@6.18.0@babylon\lib\index.js:766:19)
    at Parser.next (E:\record\richEditor\server\node_modules\_babylon@6.18.0@babylon\lib\index.js:691:10)
    at Parser.eat (E:\record\richEditor\server\node_modules\_babylon@6.18.0@babylon\lib\index.js:698:12)
    at Parser.pp$3.parseCallExpressionArguments (E:\record\richEditor\server\node_modules\_babylon@6.18.0@babylon\lib\index.js:3560:16)
    at Parser.pp$3.parseSubscripts (E:\record\richEditor\server\node_modules\_babylon@6.18.0@babylon\lib\index.js:3533:31)
    at Parser.pp$3.parseExprSubscripts (E:\record\richEditor\server\node_modules\_babylon@6.18.0@babylon\lib\index.js:3504:15)
E:\record\richEditor\server\routes\media2.js:24
        var parts = range.replace(/bytes=/, '').split('-');
                          ^

TypeError: Cannot read property 'replace' of undefined
    at E:/record/richEditor/server/routes/media2.js:23:29
    at suppressedCallback (fs.js:199:5)
    at FSReqWrap.args [as oncomplete] (fs.js:140:20)
E:\record\richEditor\server\routes\media2.js:24
        var parts = range.replace(/bytes=/, '').split('-');
                          ^

TypeError: Cannot read property 'replace' of undefined
    at E:/record/richEditor/server/routes/media2.js:23:29
    at suppressedCallback (fs.js:199:5)
    at FSReqWrap.args [as oncomplete] (fs.js:140:20)
E:\record\richEditor\server\routes\media2.js:24
        var parts = range.replace(/bytes=/, '').split('-');
                          ^

TypeError: Cannot read property 'replace' of undefined
    at E:/record/richEditor/server/routes/media2.js:23:29
    at suppressedCallback (fs.js:199:5)
    at FSReqWrap.args [as oncomplete] (fs.js:140:20)
E:\record\richEditor\server\routes\media2.js:24
        var parts = range.replace(/bytes=/, '').split('-');
                          ^

TypeError: Cannot read property 'replace' of undefined
    at E:/record/richEditor/server/routes/media2.js:23:29
    at suppressedCallback (fs.js:199:5)
    at FSReqWrap.args [as oncomplete] (fs.js:140:20)
E:\record\richEditor\server\routes\media2.js:24
        var parts = range.replace(/bytes=/, '').split('-');
                          ^

TypeError: Cannot read property 'replace' of undefined
    at E:/record/richEditor/server/routes/media2.js:23:29
    at suppressedCallback (fs.js:199:5)
    at FSReqWrap.args [as oncomplete] (fs.js:140:20)
E:\record\richEditor\server\routes\media2.js:24
        var parts = range.replace(/bytes=/, '').split('-');
                          ^

TypeError: Cannot read property 'replace' of undefined
    at E:/record/richEditor/server/routes/media2.js:23:29
    at suppressedCallback (fs.js:199:5)
    at FSReqWrap.args [as oncomplete] (fs.js:140:20)
